<?xml version="1.0" encoding="UTF-8"?>
<testsuite xmlns:xsi="http://www.w3.org/2001/XMLSchema-instance" xsi:noNamespaceSchemaLocation="https://maven.apache.org/surefire/maven-surefire-plugin/xsd/surefire-test-report.xsd" version="3.0.2" name="com.example.RandomDemo.RandomDemoApplicationTests" time="3.19" tests="1" errors="0" skipped="0" failures="0">
  <properties>
[...]
</properties>
  <testcase name="contextLoads" classname="com.example.RandomDemo.RandomDemoApplicationTests" time="0.344">
    <system-out><![CDATA[19:17:53.045 [main] INFO org.springframework.test.context.support.AnnotationConfigContextLoaderUtils -- Could not detect default configuration classes for test class [com.example.RandomDemo.RandomDemoApplicationTests]: RandomDemoApplicationTests does not declare any static, non-private, non-final, nested classes annotated with @Configuration.
19:17:53.104 [main] INFO org.springframework.boot.test.context.SpringBootTestContextBootstrapper -- Found @SpringBootConfiguration com.example.RandomDemo.RandomDemo for test class com.example.RandomDemo.RandomDemoApplicationTests
19:17:53.208 [main] INFO org.springframework.boot.devtools.restart.RestartApplicationListener -- Restart disabled due to context in which it is running

  .   ____          _            __ _ _
 /\\ / ___'_ __ _ _(_)_ __  __ _ \ \ \ \
( ( )\___ | '_ | '_| | '_ \/ _` | \ \ \ \
 \\/  ___)| |_)| | | | | || (_| |  ) ) ) )
  '  |____| .__|_| |_|_| |_\__, | / / / /
 =========|_|==============|___/=/_/_/_/

 :: Spring Boot ::                (v3.4.2)

2025-01-30T19:17:53.384+05:30  INFO 29804 --- [RandomDemo] [           main] c.e.R.RandomDemoApplicationTests         : Starting RandomDemoApplicationTests using Java 17.0.14 with PID 29804 (started by bhcp0146 in /home/bhcp0146/Desktop/RandomDemo)
2025-01-30T19:17:53.385+05:30  INFO 29804 --- [RandomDemo] [           main] c.e.R.RandomDemoApplicationTests         : No active profile set, falling back to 1 default profile: "default"
2025-01-30T19:17:53.864+05:30  INFO 29804 --- [RandomDemo] [           main] .s.d.r.c.RepositoryConfigurationDelegate : Bootstrapping Spring Data JPA repositories in DEFAULT mode.
2025-01-30T19:17:53.899+05:30  INFO 29804 --- [RandomDemo] [           main] .s.d.r.c.RepositoryConfigurationDelegate : Finished Spring Data repository scanning in 27 ms. Found 1 JPA repository interface.
2025-01-30T19:17:54.173+05:30  INFO 29804 --- [RandomDemo] [           main] o.hibernate.jpa.internal.util.LogHelper  : HHH000204: Processing PersistenceUnitInfo [name: default]
2025-01-30T19:17:54.207+05:30  INFO 29804 --- [RandomDemo] [           main] org.hibernate.Version                    : HHH000412: Hibernate ORM core version 6.6.5.Final
2025-01-30T19:17:54.223+05:30  INFO 29804 --- [RandomDemo] [           main] o.h.c.internal.RegionFactoryInitiator    : HHH000026: Second-level cache disabled
2025-01-30T19:17:54.377+05:30  INFO 29804 --- [RandomDemo] [           main] o.s.o.j.p.SpringPersistenceUnitInfo      : No LoadTimeWeaver setup: ignoring JPA class transformer
2025-01-30T19:17:54.395+05:30  INFO 29804 --- [RandomDemo] [           main] com.zaxxer.hikari.HikariDataSource       : HikariPool-1 - Starting...
2025-01-30T19:17:54.582+05:30  INFO 29804 --- [RandomDemo] [           main] com.zaxxer.hikari.pool.HikariPool        : HikariPool-1 - Added connection org.postgresql.jdbc.PgConnection@a2df0d5
2025-01-30T19:17:54.583+05:30  INFO 29804 --- [RandomDemo] [           main] com.zaxxer.hikari.HikariDataSource       : HikariPool-1 - Start completed.
2025-01-30T19:17:54.628+05:30  INFO 29804 --- [RandomDemo] [           main] org.hibernate.orm.connections.pooling    : HHH10001005: Database info:
	Database JDBC URL [Connecting through datasource 'HikariDataSource (HikariPool-1)']
	Database driver: undefined/unknown
	Database version: 14.15
	Autocommit mode: undefined/unknown
	Isolation level: undefined/unknown
	Minimum pool size: undefined/unknown
	Maximum pool size: undefined/unknown
2025-01-30T19:17:55.072+05:30  INFO 29804 --- [RandomDemo] [           main] o.h.e.t.j.p.i.JtaPlatformInitiator       : HHH000489: No JTA platform available (set 'hibernate.transaction.jta.platform' to enable JTA platform integration)
2025-01-30T19:17:55.102+05:30  INFO 29804 --- [RandomDemo] [           main] j.LocalContainerEntityManagerFactoryBean : Initialized JPA EntityManagerFactory for persistence unit 'default'
2025-01-30T19:17:55.387+05:30  WARN 29804 --- [RandomDemo] [           main] JpaBaseConfiguration$JpaWebConfiguration : spring.jpa.open-in-view is enabled by default. Therefore, database queries may be performed during view rendering. Explicitly configure spring.jpa.open-in-view to disable this warning
2025-01-30T19:17:55.783+05:30  INFO 29804 --- [RandomDemo] [           main] c.e.R.RandomDemoApplicationTests         : Started RandomDemoApplicationTests in 2.587 seconds (process running for 3.159)
]]></system-out>
  </testcase>
</testsuite>